# JRE version: Java(TM) SE Runtime Environment (8.0_121-b13) (build 1.8.0_121-b13)
# Java VM: Java HotSpot(TM) 64-Bit Server VM (25.121-b13 mixed mode linux-amd64 compressed oops)
Heap:
 PSYoungGen      total 108544K, used 5888K [0x000000077ee00000, 0x0000000786000000, 0x00000007c0000000)
  eden space 100352K, 0% used [0x000000077ee00000,0x000000077ee00000,0x0000000785000000)
  from space 8192K, 71% used [0x0000000785000000,0x00000007855c0258,0x0000000785800000)
  to   space 8192K, 0% used [0x0000000785800000,0x0000000785800000,0x0000000786000000)
 ParOldGen       total 69632K, used 10329K [0x00000006fca00000, 0x0000000700e00000, 0x000000077ee00000)
  object space 69632K, 14% used [0x00000006fca00000,0x00000006fd4166a0,0x0000000700e00000)
 Metaspace       used 26083K, capacity 26390K, committed 26752K, reserved 1073152K
  class space    used 3267K, capacity 3342K, committed 3456K, reserved 1048576K
GC Heap History (10 events):
Event: 1.373 GC heap after
Heap after GC invocations=1 (full 0):
 PSYoungGen      total 58368K, used 5378K [0x000000077ee00000, 0x0000000782f00000, 0x00000007c0000000)
  eden space 50176K, 0% used [0x000000077ee00000,0x000000077ee00000,0x0000000781f00000)
  from space 8192K, 65% used [0x0000000781f00000,0x0000000782440830,0x0000000782700000)
  to   space 8192K, 0% used [0x0000000782700000,0x0000000782700000,0x0000000782f00000)
 ParOldGen       total 134144K, used 8K [0x00000006fca00000, 0x0000000704d00000, 0x000000077ee00000)
  object space 134144K, 0% used [0x00000006fca00000,0x00000006fca02000,0x0000000704d00000)
 Metaspace       used 9491K, capacity 9550K, committed 9728K, reserved 1058816K
  class space    used 1141K, capacity 1175K, committed 1280K, reserved 1048576K
}
Event: 1.984 GC heap before
{Heap before GC invocations=2 (full 0):
 PSYoungGen      total 58368K, used 55554K [0x000000077ee00000, 0x0000000782f00000, 0x00000007c0000000)
  eden space 50176K, 100% used [0x000000077ee00000,0x0000000781f00000,0x0000000781f00000)
  from space 8192K, 65% used [0x0000000781f00000,0x0000000782440830,0x0000000782700000)
  to   space 8192K, 0% used [0x0000000782700000,0x0000000782700000,0x0000000782f00000)
 ParOldGen       total 134144K, used 8K [0x00000006fca00000, 0x0000000704d00000, 0x000000077ee00000)
  object space 134144K, 0% used [0x00000006fca00000,0x00000006fca02000,0x0000000704d00000)
 Metaspace       used 14385K, capacity 14516K, committed 14592K, reserved 1062912K
  class space    used 1734K, capacity 1784K, committed 1792K, reserved 1048576K
Event: 2.079 GC heap after
Heap after GC invocations=2 (full 0):
 PSYoungGen      total 58368K, used 7655K [0x000000077ee00000, 0x0000000786000000, 0x00000007c0000000)
  eden space 50176K, 0% used [0x000000077ee00000,0x000000077ee00000,0x0000000781f00000)
  from space 8192K, 93% used [0x0000000782700000,0x0000000782e79f50,0x0000000782f00000)
  to   space 8192K, 0% used [0x0000000781f00000,0x0000000781f00000,0x0000000782700000)
 ParOldGen       total 134144K, used 16K [0x00000006fca00000, 0x0000000704d00000, 0x000000077ee00000)
  object space 134144K, 0% used [0x00000006fca00000,0x00000006fca04000,0x0000000704d00000)
 Metaspace       used 14385K, capacity 14516K, committed 14592K, reserved 1062912K
  class space    used 1734K, capacity 1784K, committed 1792K, reserved 1048576K
}
Event: 2.703 GC heap before
{Heap before GC invocations=3 (full 0):
 PSYoungGen      total 58368K, used 57831K [0x000000077ee00000, 0x0000000786000000, 0x00000007c0000000)
  eden space 50176K, 100% used [0x000000077ee00000,0x0000000781f00000,0x0000000781f00000)
  from space 8192K, 93% used [0x0000000782700000,0x0000000782e79f50,0x0000000782f00000)
  to   space 8192K, 0% used [0x0000000781f00000,0x0000000781f00000,0x0000000782700000)
 ParOldGen       total 134144K, used 16K [0x00000006fca00000, 0x0000000704d00000, 0x000000077ee00000)
  object space 134144K, 0% used [0x00000006fca00000,0x00000006fca04000,0x0000000704d00000)
 Metaspace       used 19080K, capacity 19260K, committed 19456K, reserved 1067008K
  class space    used 2396K, capacity 2436K, committed 2560K, reserved 1048576K
Event: 2.724 GC heap after
Heap after GC invocations=3 (full 0):
 PSYoungGen      total 58368K, used 8184K [0x000000077ee00000, 0x0000000786000000, 0x00000007c0000000)
  eden space 50176K, 0% used [0x000000077ee00000,0x000000077ee00000,0x0000000781f00000)
  from space 8192K, 99% used [0x0000000781f00000,0x00000007826fe068,0x0000000782700000)
  to   space 8192K, 0% used [0x0000000785800000,0x0000000785800000,0x0000000786000000)
 ParOldGen       total 134144K, used 2108K [0x00000006fca00000, 0x0000000704d00000, 0x000000077ee00000)
  object space 134144K, 1% used [0x00000006fca00000,0x00000006fcc0f370,0x0000000704d00000)
 Metaspace       used 19080K, capacity 19260K, committed 19456K, reserved 1067008K
  class space    used 2396K, capacity 2436K, committed 2560K, reserved 1048576K
}
Event: 3.079 GC heap before
{Heap before GC invocations=4 (full 0):
 PSYoungGen      total 58368K, used 52371K [0x000000077ee00000, 0x0000000786000000, 0x00000007c0000000)
  eden space 50176K, 88% used [0x000000077ee00000,0x0000000781926d58,0x0000000781f00000)
  from space 8192K, 99% used [0x0000000781f00000,0x00000007826fe068,0x0000000782700000)
  to   space 8192K, 0% used [0x0000000785800000,0x0000000785800000,0x0000000786000000)
 ParOldGen       total 134144K, used 2108K [0x00000006fca00000, 0x0000000704d00000, 0x000000077ee00000)
  object space 134144K, 1% used [0x00000006fca00000,0x00000006fcc0f370,0x0000000704d00000)
 Metaspace       used 21059K, capacity 21232K, committed 21296K, reserved 1069056K
  class space    used 2628K, capacity 2674K, committed 2688K, reserved 1048576K
Event: 3.163 GC heap after
Heap after GC invocations=4 (full 0):
 PSYoungGen      total 108544K, used 8189K [0x000000077ee00000, 0x0000000786000000, 0x00000007c0000000)
  eden space 100352K, 0% used [0x000000077ee00000,0x000000077ee00000,0x0000000785000000)
  from space 8192K, 99% used [0x0000000785800000,0x0000000785fff740,0x0000000786000000)
  to   space 8192K, 0% used [0x0000000785000000,0x0000000785000000,0x0000000785800000)
 ParOldGen       total 134144K, used 4477K [0x00000006fca00000, 0x0000000704d00000, 0x000000077ee00000)
  object space 134144K, 3% used [0x00000006fca00000,0x00000006fce5f6e0,0x0000000704d00000)
 Metaspace       used 21059K, capacity 21232K, committed 21296K, reserved 1069056K
  class space    used 2628K, capacity 2674K, committed 2688K, reserved 1048576K
}
Event: 3.165 GC heap before
{Heap before GC invocations=5 (full 1):
 PSYoungGen      total 108544K, used 8189K [0x000000077ee00000, 0x0000000786000000, 0x00000007c0000000)
  eden space 100352K, 0% used [0x000000077ee00000,0x000000077ee00000,0x0000000785000000)
  from space 8192K, 99% used [0x0000000785800000,0x0000000785fff740,0x0000000786000000)
  to   space 8192K, 0% used [0x0000000785000000,0x0000000785000000,0x0000000785800000)
 ParOldGen       total 134144K, used 4477K [0x00000006fca00000, 0x0000000704d00000, 0x000000077ee00000)
  object space 134144K, 3% used [0x00000006fca00000,0x00000006fce5f6e0,0x0000000704d00000)
 Metaspace       used 21059K, capacity 21232K, committed 21296K, reserved 1069056K
  class space    used 2628K, capacity 2674K, committed 2688K, reserved 1048576K
Event: 3.200 GC heap after
Heap after GC invocations=5 (full 1):
 PSYoungGen      total 108544K, used 0K [0x000000077ee00000, 0x0000000786000000, 0x00000007c0000000)
  eden space 100352K, 0% used [0x000000077ee00000,0x000000077ee00000,0x0000000785000000)
  from space 8192K, 0% used [0x0000000785800000,0x0000000785800000,0x0000000786000000)
  to   space 8192K, 0% used [0x0000000785000000,0x0000000785000000,0x0000000785800000)
 ParOldGen       total 69632K, used 10321K [0x00000006fca00000, 0x0000000700e00000, 0x000000077ee00000)
  object space 69632K, 14% used [0x00000006fca00000,0x00000006fd4146a0,0x0000000700e00000)
 Metaspace       used 21059K, capacity 21232K, committed 21296K, reserved 1069056K
  class space    used 2628K, capacity 2674K, committed 2688K, reserved 1048576K
}
Event: 101.576 GC heap before
{Heap before GC invocations=6 (full 1):
 PSYoungGen      total 108544K, used 100352K [0x000000077ee00000, 0x0000000786000000, 0x00000007c0000000)
  eden space 100352K, 100% used [0x000000077ee00000,0x0000000785000000,0x0000000785000000)
  from space 8192K, 0% used [0x0000000785800000,0x0000000785800000,0x0000000786000000)
  to   space 8192K, 0% used [0x0000000785000000,0x0000000785000000,0x0000000785800000)
 ParOldGen       total 69632K, used 10321K [0x00000006fca00000, 0x0000000700e00000, 0x000000077ee00000)
  object space 69632K, 14% used [0x00000006fca00000,0x00000006fd4146a0,0x0000000700e00000)
 Metaspace       used 26083K, capacity 26390K, committed 26752K, reserved 1073152K
  class space    used 3267K, capacity 3342K, committed 3456K, reserved 1048576K

